c:\users\matteo\documents\visual studio 2013\projects\creadataset\tutorial\x64\debug\vc120.pdb
c:\users\matteo\documents\visual studio 2013\projects\creadataset\tutorial\x64\debug\.netframework,version=v4.5.assemblyattributes.obj
c:\users\matteo\documents\visual studio 2013\projects\creadataset\tutorial\x64\debug\creadataset.pch
c:\users\matteo\documents\visual studio 2013\projects\creadataset\tutorial\x64\debug\stdafx.obj
c:\users\matteo\documents\visual studio 2013\projects\creadataset\tutorial\x64\debug\tutorial.obj
c:\users\matteo\documents\visual studio 2013\projects\creadataset\tutorial\x64\debug\poidetection.obj
c:\users\matteo\documents\visual studio 2013\projects\creadataset\tutorial\x64\debug\imageprocess.obj
c:\users\matteo\documents\visual studio 2013\projects\creadataset\tutorial\x64\debug\haarcascadeobjectdetector.obj
c:\users\matteo\documents\visual studio 2013\projects\creadataset\tutorial\x64\debug\find_word.obj
c:\users\matteo\documents\visual studio 2013\projects\creadataset\tutorial\x64\debug\eye_detect.obj
c:\users\matteo\documents\visual studio 2013\projects\creadataset\tutorial\x64\debug\assemblyinfo.obj
c:\users\matteo\documents\visual studio 2013\projects\creadataset\tutorial\x64\debug\tutorial.form1.resources
c:\users\matteo\documents\visual studio 2013\projects\creadataset\x64\debug\creadataset.exe
c:\users\matteo\documents\visual studio 2013\projects\creadataset\x64\debug\creadataset.pdb
c:\users\matteo\documents\visual studio 2013\projects\creadataset\tutorial\x64\debug\app.res
c:\users\matteo\documents\visual studio 2013\projects\creadataset\tutorial\x64\debug\tutorial.vcxproj.generateresource.cache
c:\users\matteo\documents\visual studio 2013\projects\creadataset\tutorial\x64\debug\creadataset.tlog\cl.command.1.tlog
c:\users\matteo\documents\visual studio 2013\projects\creadataset\tutorial\x64\debug\creadataset.tlog\cl.read.1.tlog
c:\users\matteo\documents\visual studio 2013\projects\creadataset\tutorial\x64\debug\creadataset.tlog\cl.write.1.tlog
c:\users\matteo\documents\visual studio 2013\projects\creadataset\tutorial\x64\debug\creadataset.tlog\creadataset.write.1u.tlog
c:\users\matteo\documents\visual studio 2013\projects\creadataset\tutorial\x64\debug\creadataset.tlog\link.command.1.tlog
c:\users\matteo\documents\visual studio 2013\projects\creadataset\tutorial\x64\debug\creadataset.tlog\link.read.1.tlog
c:\users\matteo\documents\visual studio 2013\projects\creadataset\tutorial\x64\debug\creadataset.tlog\link.write.1.tlog
c:\users\matteo\documents\visual studio 2013\projects\creadataset\tutorial\x64\debug\creadataset.tlog\metagen.read.1.tlog
c:\users\matteo\documents\visual studio 2013\projects\creadataset\tutorial\x64\debug\creadataset.tlog\metagen.write.1.tlog
c:\users\matteo\documents\visual studio 2013\projects\creadataset\tutorial\x64\debug\creadataset.tlog\rc.command.1.tlog
c:\users\matteo\documents\visual studio 2013\projects\creadataset\tutorial\x64\debug\creadataset.tlog\rc.read.1.tlog
c:\users\matteo\documents\visual studio 2013\projects\creadataset\tutorial\x64\debug\creadataset.tlog\rc.write.1.tlog
c:\users\matteo\documents\visual studio 2013\projects\creadataset\tutorial\x64\debug\creadataset.tlog\rsaenh.dll.bi
c:\users\matteo\documents\visual studio 2013\projects\creadataset\tutorial\x64\debug\creadataset.tlog\tzres.dll.bi
