c:\users\matteo\desktop\tutorial\tutorial\x64\debug\tutorial.pch
c:\users\matteo\desktop\tutorial\tutorial\x64\debug\vc120.pdb
c:\users\matteo\desktop\tutorial\tutorial\x64\debug\stdafx.obj
c:\users\matteo\desktop\tutorial\tutorial\x64\debug\tutorial.obj
c:\users\matteo\desktop\tutorial\tutorial\x64\debug\assemblyinfo.obj
c:\users\matteo\desktop\tutorial\tutorial\x64\debug\.netframework,version=v4.5.assemblyattributes.obj
c:\users\matteo\desktop\tutorial\tutorial\x64\debug\app.res
c:\users\matteo\desktop\tutorial\tutorial\x64\debug\tutorial.form1.resources
c:\users\matteo\desktop\tutorial\tutorial\x64\debug\tutorial.vcxproj.generateresource.cache
c:\users\matteo\desktop\tutorial\x64\debug\tutorial.pdb
c:\users\matteo\desktop\tutorial\x64\debug\tutorial.exe
c:\users\matteo\desktop\tutorial\tutorial\x64\debug\tutorial.tlog\cl.command.1.tlog
c:\users\matteo\desktop\tutorial\tutorial\x64\debug\tutorial.tlog\cl.read.1.tlog
c:\users\matteo\desktop\tutorial\tutorial\x64\debug\tutorial.tlog\cl.write.1.tlog
c:\users\matteo\desktop\tutorial\tutorial\x64\debug\tutorial.tlog\link.command.1.tlog
c:\users\matteo\desktop\tutorial\tutorial\x64\debug\tutorial.tlog\link.read.1.tlog
c:\users\matteo\desktop\tutorial\tutorial\x64\debug\tutorial.tlog\link.write.1.tlog
c:\users\matteo\desktop\tutorial\tutorial\x64\debug\tutorial.tlog\metagen.read.1.tlog
c:\users\matteo\desktop\tutorial\tutorial\x64\debug\tutorial.tlog\metagen.write.1.tlog
c:\users\matteo\desktop\tutorial\tutorial\x64\debug\tutorial.tlog\rc.command.1.tlog
c:\users\matteo\desktop\tutorial\tutorial\x64\debug\tutorial.tlog\rc.read.1.tlog
c:\users\matteo\desktop\tutorial\tutorial\x64\debug\tutorial.tlog\rc.write.1.tlog
c:\users\matteo\desktop\tutorial\tutorial\x64\debug\tutorial.tlog\tutorial.write.1u.tlog
c:\users\matteo\desktop\tutorial\tutorial\x64\debug\tutorial.tlog\rsaenh.dll.bi
c:\users\matteo\desktop\tutorial\tutorial\x64\debug\tutorial.tlog\tzres.dll.bi
