c:\users\matteo\documents\visual studio 2013\projects\classification3\tutorial\x64\release\classification3.pch
c:\users\matteo\documents\visual studio 2013\projects\classification3\tutorial\x64\release\vc120.pdb
c:\users\matteo\documents\visual studio 2013\projects\classification3\tutorial\x64\release\stdafx.obj
c:\users\matteo\documents\visual studio 2013\projects\classification3\tutorial\x64\release\main.obj
c:\users\matteo\documents\visual studio 2013\projects\classification3\tutorial\x64\release\poidetection.obj
c:\users\matteo\documents\visual studio 2013\projects\classification3\tutorial\x64\release\imageprocess.obj
c:\users\matteo\documents\visual studio 2013\projects\classification3\tutorial\x64\release\haarcascadeobjectdetector.obj
c:\users\matteo\documents\visual studio 2013\projects\classification3\tutorial\x64\release\find_word.obj
c:\users\matteo\documents\visual studio 2013\projects\classification3\tutorial\x64\release\eye_detect.obj
c:\users\matteo\documents\visual studio 2013\projects\classification3\tutorial\x64\release\assemblyinfo.obj
c:\users\matteo\documents\visual studio 2013\projects\classification3\tutorial\x64\release\.netframework,version=v4.5.assemblyattributes.obj
c:\users\matteo\documents\visual studio 2013\projects\classification3\tutorial\x64\release\tutorial.form1.resources
c:\users\matteo\documents\visual studio 2013\projects\classification3\x64\release\classification3.exe
c:\users\matteo\documents\visual studio 2013\projects\classification3\x64\release\classification3.pdb
c:\users\matteo\documents\visual studio 2013\projects\classification3\tutorial\x64\release\app.res
c:\users\matteo\documents\visual studio 2013\projects\classification3\tutorial\x64\release\tutorial.vcxproj.generateresource.cache
c:\users\matteo\documents\visual studio 2013\projects\classification3\tutorial\x64\release\classification3.tlog\cl.command.1.tlog
c:\users\matteo\documents\visual studio 2013\projects\classification3\tutorial\x64\release\classification3.tlog\cl.read.1.tlog
c:\users\matteo\documents\visual studio 2013\projects\classification3\tutorial\x64\release\classification3.tlog\cl.write.1.tlog
c:\users\matteo\documents\visual studio 2013\projects\classification3\tutorial\x64\release\classification3.tlog\classification3.write.1u.tlog
c:\users\matteo\documents\visual studio 2013\projects\classification3\tutorial\x64\release\classification3.tlog\link.command.1.tlog
c:\users\matteo\documents\visual studio 2013\projects\classification3\tutorial\x64\release\classification3.tlog\link.read.1.tlog
c:\users\matteo\documents\visual studio 2013\projects\classification3\tutorial\x64\release\classification3.tlog\link.write.1.tlog
c:\users\matteo\documents\visual studio 2013\projects\classification3\tutorial\x64\release\classification3.tlog\metagen.read.1.tlog
c:\users\matteo\documents\visual studio 2013\projects\classification3\tutorial\x64\release\classification3.tlog\metagen.write.1.tlog
c:\users\matteo\documents\visual studio 2013\projects\classification3\tutorial\x64\release\classification3.tlog\rc.command.1.tlog
c:\users\matteo\documents\visual studio 2013\projects\classification3\tutorial\x64\release\classification3.tlog\rc.read.1.tlog
c:\users\matteo\documents\visual studio 2013\projects\classification3\tutorial\x64\release\classification3.tlog\rc.write.1.tlog
c:\users\matteo\documents\visual studio 2013\projects\classification3\tutorial\x64\release\classification3.tlog\rsaenh.dll.bi
c:\users\matteo\documents\visual studio 2013\projects\classification3\tutorial\x64\release\classification3.tlog\tzres.dll.bi
