c:\users\matteo\documents\visual studio 2013\projects\creadataset\tutorial\x64\release\creadataset.pch
c:\users\matteo\documents\visual studio 2013\projects\creadataset\tutorial\x64\release\vc120.pdb
c:\users\matteo\documents\visual studio 2013\projects\creadataset\tutorial\x64\release\stdafx.obj
c:\users\matteo\documents\visual studio 2013\projects\creadataset\tutorial\x64\release\main.obj
c:\users\matteo\documents\visual studio 2013\projects\creadataset\tutorial\x64\release\poidetection.obj
c:\users\matteo\documents\visual studio 2013\projects\creadataset\tutorial\x64\release\imageprocess.obj
c:\users\matteo\documents\visual studio 2013\projects\creadataset\tutorial\x64\release\haarcascadeobjectdetector.obj
c:\users\matteo\documents\visual studio 2013\projects\creadataset\tutorial\x64\release\find_word.obj
c:\users\matteo\documents\visual studio 2013\projects\creadataset\tutorial\x64\release\eye_detect.obj
c:\users\matteo\documents\visual studio 2013\projects\creadataset\tutorial\x64\release\assemblyinfo.obj
c:\users\matteo\documents\visual studio 2013\projects\creadataset\tutorial\x64\release\.netframework,version=v4.5.assemblyattributes.obj
c:\users\matteo\documents\visual studio 2013\projects\creadataset\tutorial\x64\release\tutorial.form1.resources
c:\users\matteo\documents\visual studio 2013\projects\creadataset\x64\release\creadataset.exe
c:\users\matteo\documents\visual studio 2013\projects\creadataset\x64\release\creadataset.pdb
c:\users\matteo\documents\visual studio 2013\projects\creadataset\tutorial\x64\release\app.res
c:\users\matteo\documents\visual studio 2013\projects\creadataset\tutorial\x64\release\tutorial.vcxproj.generateresource.cache
c:\users\matteo\documents\visual studio 2013\projects\creadataset\tutorial\x64\release\tutorial.vcxprojresolveassemblyreference.cache
c:\users\matteo\documents\visual studio 2013\projects\creadataset\tutorial\x64\release\tutorial.obj
c:\users\matteo\documents\visual studio 2013\projects\creadataset\tutorial\x64\release\tutorial.pch
c:\users\matteo\documents\visual studio 2013\projects\creadataset\tutorial\x64\release\creadataset.tlog\cl.command.1.tlog
c:\users\matteo\documents\visual studio 2013\projects\creadataset\tutorial\x64\release\creadataset.tlog\cl.read.1.tlog
c:\users\matteo\documents\visual studio 2013\projects\creadataset\tutorial\x64\release\creadataset.tlog\cl.write.1.tlog
c:\users\matteo\documents\visual studio 2013\projects\creadataset\tutorial\x64\release\creadataset.tlog\creadataset.write.1u.tlog
c:\users\matteo\documents\visual studio 2013\projects\creadataset\tutorial\x64\release\creadataset.tlog\link.command.1.tlog
c:\users\matteo\documents\visual studio 2013\projects\creadataset\tutorial\x64\release\creadataset.tlog\link.read.1.tlog
c:\users\matteo\documents\visual studio 2013\projects\creadataset\tutorial\x64\release\creadataset.tlog\link.write.1.tlog
c:\users\matteo\documents\visual studio 2013\projects\creadataset\tutorial\x64\release\creadataset.tlog\metagen.read.1.tlog
c:\users\matteo\documents\visual studio 2013\projects\creadataset\tutorial\x64\release\creadataset.tlog\metagen.write.1.tlog
c:\users\matteo\documents\visual studio 2013\projects\creadataset\tutorial\x64\release\creadataset.tlog\rc.command.1.tlog
c:\users\matteo\documents\visual studio 2013\projects\creadataset\tutorial\x64\release\creadataset.tlog\rc.read.1.tlog
c:\users\matteo\documents\visual studio 2013\projects\creadataset\tutorial\x64\release\creadataset.tlog\rc.write.1.tlog
c:\users\matteo\documents\visual studio 2013\projects\creadataset\tutorial\x64\release\creadataset.tlog\rsaenh.dll.bi
c:\users\matteo\documents\visual studio 2013\projects\creadataset\tutorial\x64\release\creadataset.tlog\tzres.dll.bi
