Build started 16/02/2017 12:37:34.
     1>Project "C:\Users\Matteo\Desktop\Tutorial\Tutorial\Tutorial.vcxproj" on node 2 (Build target(s)).
     1>ClCompile:
         C:\Program Files (x86)\Microsoft Visual Studio 12.0\VC\bin\CL.exe /c /I"C:\opencv-2.4.13\build\include" /AI"C:\Program Files (x86)\Reference Assemblies\Microsoft\Framework\.NETFramework\v4.5\\" /AI"C:\Program Files (x86)\Windows Kits\8.1\References\CommonConfiguration\Neutral" /AI"C:\Program Files (x86)\Reference Assemblies\Microsoft\Framework\.NETFramework\v4.5\Facades\\" /Zi /clr /nologo /W3 /WX- /Od /Oy- /D WIN32 /D _DEBUG /D _UNICODE /D UNICODE /EHa /MDd /GS /fp:precise /Zc:wchar_t /Zc:forScope /Yc"stdafx.h" /Fp"Debug\Tutorial.pch" /Fo"Debug\\" /Fd"Debug\vc120.pdb" /TP /FU"C:\Program Files (x86)\Reference Assemblies\Microsoft\Framework\.NETFramework\v4.5\mscorlib.dll" /FU"C:\Program Files (x86)\Reference Assemblies\Microsoft\Framework\.NETFramework\v4.5\System.Data.dll" /FU"C:\Program Files (x86)\Reference Assemblies\Microsoft\Framework\.NETFramework\v4.5\System.dll" /FU"C:\Program Files (x86)\Reference Assemblies\Microsoft\Framework\.NETFramework\v4.5\System.Drawing.dll" /FU"C:\Program Files (x86)\Reference Assemblies\Microsoft\Framework\.NETFramework\v4.5\System.Windows.Forms.dll" /FU"C:\Program Files (x86)\Reference Assemblies\Microsoft\Framework\.NETFramework\v4.5\System.Xml.dll" /analyze- /errorReport:prompt /clr:nostdlib stdafx.cpp
         stdafx.cpp
         C:\Program Files (x86)\Microsoft Visual Studio 12.0\VC\bin\CL.exe /c /I"C:\opencv-2.4.13\build\include" /AI"C:\Program Files (x86)\Reference Assemblies\Microsoft\Framework\.NETFramework\v4.5\\" /AI"C:\Program Files (x86)\Windows Kits\8.1\References\CommonConfiguration\Neutral" /AI"C:\Program Files (x86)\Reference Assemblies\Microsoft\Framework\.NETFramework\v4.5\Facades\\" /Zi /clr /nologo /W3 /WX- /Od /Oy- /D WIN32 /D _DEBUG /D _UNICODE /D UNICODE /EHa /MDd /GS /fp:precise /Zc:wchar_t /Zc:forScope /Yu"stdafx.h" /Fp"Debug\Tutorial.pch" /Fo"Debug\\" /Fd"Debug\vc120.pdb" /TP /FU"C:\Program Files (x86)\Reference Assemblies\Microsoft\Framework\.NETFramework\v4.5\mscorlib.dll" /FU"C:\Program Files (x86)\Reference Assemblies\Microsoft\Framework\.NETFramework\v4.5\System.Data.dll" /FU"C:\Program Files (x86)\Reference Assemblies\Microsoft\Framework\.NETFramework\v4.5\System.dll" /FU"C:\Program Files (x86)\Reference Assemblies\Microsoft\Framework\.NETFramework\v4.5\System.Drawing.dll" /FU"C:\Program Files (x86)\Reference Assemblies\Microsoft\Framework\.NETFramework\v4.5\System.Windows.Forms.dll" /FU"C:\Program Files (x86)\Reference Assemblies\Microsoft\Framework\.NETFramework\v4.5\System.Xml.dll" /analyze- /errorReport:prompt /clr:nostdlib AssemblyInfo.cpp Tutorial.cpp
         AssemblyInfo.cpp
     1>AssemblyInfo.cpp(40): warning C4947: 'RequestMinimum' : marked as obsolete
                 Message: 'Assembly level declarative security is obsolete and is no longer enforced by the CLR by default. See http://go.microsoft.com/fwlink/?LinkID=155570 for more information.'
         Tutorial.cpp
         Generating Code...
         C:\Program Files (x86)\Microsoft Visual Studio 12.0\VC\bin\CL.exe /c /I"C:\opencv-2.4.13\build\include" /Zi /clr /nologo /W3 /WX- /Od /Oy- /D WIN32 /D _DEBUG /D _UNICODE /D UNICODE /EHa /MDd /GS /fp:precise /Zc:wchar_t /Zc:forScope /Fo"Debug\\" /Fd"Debug\vc120.pdb" /TP /analyze- /errorReport:prompt "C:\Users\Matteo\AppData\Local\Temp\.NETFramework,Version=v4.5.AssemblyAttributes.cpp"
         .NETFramework,Version=v4.5.AssemblyAttributes.cpp
       ResourceCompile:
         C:\Program Files (x86)\Windows Kits\8.1\bin\x86\rc.exe /D _UNICODE /D UNICODE /l"0x0409" /nologo /fo"Debug\app.res" app.rc 
       Link:
         C:\Program Files (x86)\Microsoft Visual Studio 12.0\VC\bin\link.exe /ERRORREPORT:PROMPT /OUT:"C:\Users\Matteo\Desktop\Tutorial\Debug\Tutorial.exe" /INCREMENTAL /NOLOGO /LIBPATH:"C:\opencv-2.4.13\build\x64\vc12\lib" opencv_contrib2413d.lib opencv_core2413d.lib opencv_features2d2413d.lib opencv_flann2413d.lib opencv_gpu2413d.lib opencv_highgui2413d.lib opencv_imgproc2413d.lib opencv_legacy2413d.lib opencv_ml2413d.lib opencv_nonfree2413d.lib opencv_objdetect2413d.lib opencv_ocl2413d.lib opencv_photo2413d.lib opencv_stitching2413d.lib opencv_superres2413d.lib opencv_ts2413d.lib opencv_video2413d.lib opencv_videostab2413d.lib /ASSEMBLYRESOURCE:Debug\Tutorial.Form1.resources /MANIFEST /MANIFESTUAC:"level='asInvoker' uiAccess='false'" /manifest:embed /DEBUG /PDB:"C:\Users\Matteo\Desktop\Tutorial\Debug\Tutorial.pdb" /ASSEMBLYDEBUG /SUBSYSTEM:WINDOWS /TLBID:1 /ENTRY:"main" /DYNAMICBASE /FIXED:NO /NXCOMPAT /MACHINE:X86 Debug\app.res
         Debug\AssemblyInfo.obj
         Debug\stdafx.obj
         Debug\Tutorial.obj
         "Debug\.NETFramework,Version=v4.5.AssemblyAttributes.obj"
     1>Tutorial.obj : warning LNK4248: unresolved typeref token (0100002F) for 'CvCapture'; image may not run
     1>Tutorial.obj : error LNK2028: unresolved token (0A000618) "extern "C" void __cdecl cvReleaseCapture(struct CvCapture * *)" (?cvReleaseCapture@@$$J0YAXPAPAUCvCapture@@@Z) referenced in function "private: void __clrcall Tutorial::Form1::exitToolStripMenuItem_Click(class System::Object ^,class System::EventArgs ^)" (?exitToolStripMenuItem_Click@Form1@Tutorial@@$$FA$AAMXP$AAVObject@System@@P$AAVEventArgs@4@@Z)
     1>Tutorial.obj : error LNK2028: unresolved token (0A00061F) "extern "C" void __cdecl cvCopy(void const *,void *,void const *)" (?cvCopy@@$$J0YAXPBXPAX0@Z) referenced in function "private: void __clrcall Tutorial::Form1::timer1_Tick(class System::Object ^,class System::EventArgs ^)" (?timer1_Tick@Form1@Tutorial@@$$FA$AAMXP$AAVObject@System@@P$AAVEventArgs@4@@Z)
     1>Tutorial.obj : error LNK2028: unresolved token (0A000620) "extern "C" struct _IplImage * __cdecl cvQueryFrame(struct CvCapture *)" (?cvQueryFrame@@$$J0YAPAU_IplImage@@PAUCvCapture@@@Z) referenced in function "private: void __clrcall Tutorial::Form1::timer1_Tick(class System::Object ^,class System::EventArgs ^)" (?timer1_Tick@Form1@Tutorial@@$$FA$AAMXP$AAVObject@System@@P$AAVEventArgs@4@@Z)
     1>Tutorial.obj : error LNK2028: unresolved token (0A000622) "extern "C" struct CvCapture * __cdecl cvCreateCameraCapture(int)" (?cvCreateCameraCapture@@$$J0YAPAUCvCapture@@H@Z) referenced in function "private: void __clrcall Tutorial::Form1::button1_Click(class System::Object ^,class System::EventArgs ^)" (?button1_Click@Form1@Tutorial@@$$FA$AAMXP$AAVObject@System@@P$AAVEventArgs@4@@Z)
     1>Tutorial.obj : error LNK2028: unresolved token (0A0006A9) "public: void __thiscall cv::Mat::copySize(class cv::Mat const &)" (?copySize@Mat@cv@@$$FQAEXABV12@@Z) referenced in function "public: __thiscall cv::Mat::Mat(class cv::Mat const &)" (??0Mat@cv@@$$FQAE@ABV01@@Z)
     1>Tutorial.obj : error LNK2028: unresolved token (0A0006AA) "int __cdecl cv::_interlockedExchangeAdd(int *,int)" (?_interlockedExchangeAdd@cv@@$$FYAHPAHH@Z) referenced in function "public: void __thiscall cv::SparseMat::addref(void)" (?addref@SparseMat@cv@@$$FQAEXXZ)
     1>Tutorial.obj : error LNK2019: unresolved external symbol "int __cdecl cv::_interlockedExchangeAdd(int *,int)" (?_interlockedExchangeAdd@cv@@$$FYAHPAHH@Z) referenced in function "public: void __thiscall cv::SparseMat::addref(void)" (?addref@SparseMat@cv@@$$FQAEXXZ)
     1>Tutorial.obj : error LNK2019: unresolved external symbol "extern "C" struct CvCapture * __cdecl cvCreateCameraCapture(int)" (?cvCreateCameraCapture@@$$J0YAPAUCvCapture@@H@Z) referenced in function "private: void __clrcall Tutorial::Form1::button1_Click(class System::Object ^,class System::EventArgs ^)" (?button1_Click@Form1@Tutorial@@$$FA$AAMXP$AAVObject@System@@P$AAVEventArgs@4@@Z)
     1>Tutorial.obj : error LNK2019: unresolved external symbol "extern "C" void __cdecl cvReleaseCapture(struct CvCapture * *)" (?cvReleaseCapture@@$$J0YAXPAPAUCvCapture@@@Z) referenced in function "private: void __clrcall Tutorial::Form1::exitToolStripMenuItem_Click(class System::Object ^,class System::EventArgs ^)" (?exitToolStripMenuItem_Click@Form1@Tutorial@@$$FA$AAMXP$AAVObject@System@@P$AAVEventArgs@4@@Z)
     1>Tutorial.obj : error LNK2019: unresolved external symbol "public: void __thiscall cv::Mat::copySize(class cv::Mat const &)" (?copySize@Mat@cv@@$$FQAEXABV12@@Z) referenced in function "public: __thiscall cv::Mat::Mat(class cv::Mat const &)" (??0Mat@cv@@$$FQAE@ABV01@@Z)
     1>Tutorial.obj : error LNK2019: unresolved external symbol "extern "C" struct _IplImage * __cdecl cvQueryFrame(struct CvCapture *)" (?cvQueryFrame@@$$J0YAPAU_IplImage@@PAUCvCapture@@@Z) referenced in function "private: void __clrcall Tutorial::Form1::timer1_Tick(class System::Object ^,class System::EventArgs ^)" (?timer1_Tick@Form1@Tutorial@@$$FA$AAMXP$AAVObject@System@@P$AAVEventArgs@4@@Z)
     1>Tutorial.obj : error LNK2019: unresolved external symbol "extern "C" void __cdecl cvCopy(void const *,void *,void const *)" (?cvCopy@@$$J0YAXPBXPAX0@Z) referenced in function "private: void __clrcall Tutorial::Form1::timer1_Tick(class System::Object ^,class System::EventArgs ^)" (?timer1_Tick@Form1@Tutorial@@$$FA$AAMXP$AAVObject@System@@P$AAVEventArgs@4@@Z)
     1>Tutorial.obj : error LNK2001: unresolved external symbol "public: virtual void __thiscall cv::HOGDescriptor::setSVMDetector(class cv::_InputArray const &)" (?setSVMDetector@HOGDescriptor@cv@@UAEXABV_InputArray@2@@Z)
     1>Tutorial.obj : error LNK2001: unresolved external symbol "public: virtual bool __thiscall cv::HOGDescriptor::read(class cv::FileNode &)" (?read@HOGDescriptor@cv@@UAE_NAAVFileNode@2@@Z)
     1>Tutorial.obj : error LNK2001: unresolved external symbol "public: virtual void __thiscall cv::HOGDescriptor::write(class cv::FileStorage &,class std::basic_string<char,struct std::char_traits<char>,class std::allocator<char> > const &)const " (?write@HOGDescriptor@cv@@UBEXAAVFileStorage@2@ABV?$basic_string@DU?$char_traits@D@std@@V?$allocator@D@2@@std@@@Z)
     1>Tutorial.obj : error LNK2001: unresolved external symbol "public: virtual bool __thiscall cv::HOGDescriptor::load(class std::basic_string<char,struct std::char_traits<char>,class std::allocator<char> > const &,class std::basic_string<char,struct std::char_traits<char>,class std::allocator<char> > const &)" (?load@HOGDescriptor@cv@@UAE_NABV?$basic_string@DU?$char_traits@D@std@@V?$allocator@D@2@@std@@0@Z)
     1>Tutorial.obj : error LNK2001: unresolved external symbol "public: virtual void __thiscall cv::HOGDescriptor::save(class std::basic_string<char,struct std::char_traits<char>,class std::allocator<char> > const &,class std::basic_string<char,struct std::char_traits<char>,class std::allocator<char> > const &)const " (?save@HOGDescriptor@cv@@UBEXABV?$basic_string@DU?$char_traits@D@std@@V?$allocator@D@2@@std@@0@Z)
     1>Tutorial.obj : error LNK2001: unresolved external symbol "public: virtual void __thiscall cv::HOGDescriptor::copyTo(struct cv::HOGDescriptor &)const " (?copyTo@HOGDescriptor@cv@@UBEXAAU12@@Z)
     1>Tutorial.obj : error LNK2001: unresolved external symbol "public: virtual void __thiscall cv::HOGDescriptor::compute(class cv::Mat const &,class std::vector<float,class std::allocator<float> > &,class cv::Size_<int>,class cv::Size_<int>,class std::vector<class cv::Point_<int>,class std::allocator<class cv::Point_<int> > > const &)const " (?compute@HOGDescriptor@cv@@UBEXABVMat@2@AAV?$vector@MV?$allocator@M@std@@@std@@V?$Size_@H@2@2ABV?$vector@V?$Point_@H@cv@@V?$allocator@V?$Point_@H@cv@@@std@@@5@@Z)
     1>Tutorial.obj : error LNK2001: unresolved external symbol "public: virtual void __thiscall cv::HOGDescriptor::detect(class cv::Mat const &,class std::vector<class cv::Point_<int>,class std::allocator<class cv::Point_<int> > > &,double,class cv::Size_<int>,class cv::Size_<int>,class std::vector<class cv::Point_<int>,class std::allocator<class cv::Point_<int> > > const &)const " (?detect@HOGDescriptor@cv@@UBEXABVMat@2@AAV?$vector@V?$Point_@H@cv@@V?$allocator@V?$Point_@H@cv@@@std@@@std@@NV?$Size_@H@2@2ABV45@@Z)
     1>Tutorial.obj : error LNK2001: unresolved external symbol "public: virtual void __thiscall cv::HOGDescriptor::detect(class cv::Mat const &,class std::vector<class cv::Point_<int>,class std::allocator<class cv::Point_<int> > > &,class std::vector<double,class std::allocator<double> > &,double,class cv::Size_<int>,class cv::Size_<int>,class std::vector<class cv::Point_<int>,class std::allocator<class cv::Point_<int> > > const &)const " (?detect@HOGDescriptor@cv@@UBEXABVMat@2@AAV?$vector@V?$Point_@H@cv@@V?$allocator@V?$Point_@H@cv@@@std@@@std@@AAV?$vector@NV?$allocator@N@std@@@5@NV?$Size_@H@2@3ABV45@@Z)
     1>Tutorial.obj : error LNK2001: unresolved external symbol "public: virtual void __thiscall cv::HOGDescriptor::detectMultiScale(class cv::Mat const &,class std::vector<class cv::Rect_<int>,class std::allocator<class cv::Rect_<int> > > &,double,class cv::Size_<int>,class cv::Size_<int>,double,double,bool)const " (?detectMultiScale@HOGDescriptor@cv@@UBEXABVMat@2@AAV?$vector@V?$Rect_@H@cv@@V?$allocator@V?$Rect_@H@cv@@@std@@@std@@NV?$Size_@H@2@2NN_N@Z)
     1>Tutorial.obj : error LNK2001: unresolved external symbol "public: virtual void __thiscall cv::HOGDescriptor::detectMultiScale(class cv::Mat const &,class std::vector<class cv::Rect_<int>,class std::allocator<class cv::Rect_<int> > > &,class std::vector<double,class std::allocator<double> > &,double,class cv::Size_<int>,class cv::Size_<int>,double,double,bool)const " (?detectMultiScale@HOGDescriptor@cv@@UBEXABVMat@2@AAV?$vector@V?$Rect_@H@cv@@V?$allocator@V?$Rect_@H@cv@@@std@@@std@@AAV?$vector@NV?$allocator@N@std@@@5@NV?$Size_@H@2@3NN_N@Z)
     1>Tutorial.obj : error LNK2001: unresolved external symbol "public: virtual void __thiscall cv::HOGDescriptor::computeGradient(class cv::Mat const &,class cv::Mat &,class cv::Mat &,class cv::Size_<int>,class cv::Size_<int>)const " (?computeGradient@HOGDescriptor@cv@@UBEXABVMat@2@AAV32@1V?$Size_@H@2@2@Z)
     1>C:\Users\Matteo\Desktop\Tutorial\Debug\Tutorial.exe : fatal error LNK1120: 24 unresolved externals
     1>Done Building Project "C:\Users\Matteo\Desktop\Tutorial\Tutorial\Tutorial.vcxproj" (Build target(s)) -- FAILED.

Build FAILED.

Time Elapsed 00:00:02.98
