c:\users\matteo\desktop\tutorial\tutorial\debug\tutorial.pch
c:\users\matteo\desktop\tutorial\tutorial\debug\vc120.pdb
c:\users\matteo\desktop\tutorial\tutorial\debug\stdafx.obj
c:\users\matteo\desktop\tutorial\tutorial\debug\tutorial.obj
c:\users\matteo\desktop\tutorial\tutorial\debug\assemblyinfo.obj
c:\users\matteo\desktop\tutorial\tutorial\debug\.netframework,version=v4.5.assemblyattributes.obj
c:\users\matteo\desktop\tutorial\tutorial\debug\app.res
c:\users\matteo\desktop\tutorial\tutorial\debug\tutorial.form1.resources
c:\users\matteo\desktop\tutorial\tutorial\debug\tutorial.vcxproj.generateresource.cache
c:\users\matteo\desktop\tutorial\debug\tutorial.pdb
c:\users\matteo\desktop\tutorial\tutorial\debug\tutorial.tlog\cl.command.1.tlog
c:\users\matteo\desktop\tutorial\tutorial\debug\tutorial.tlog\cl.read.1.tlog
c:\users\matteo\desktop\tutorial\tutorial\debug\tutorial.tlog\cl.write.1.tlog
c:\users\matteo\desktop\tutorial\tutorial\debug\tutorial.tlog\link.5752-cvtres.read.1.tlog
c:\users\matteo\desktop\tutorial\tutorial\debug\tutorial.tlog\link.5752-cvtres.write.1.tlog
c:\users\matteo\desktop\tutorial\tutorial\debug\tutorial.tlog\link.5752-rc.read.1.tlog
c:\users\matteo\desktop\tutorial\tutorial\debug\tutorial.tlog\link.5752-rc.write.1.tlog
c:\users\matteo\desktop\tutorial\tutorial\debug\tutorial.tlog\link.5752.read.1.tlog
c:\users\matteo\desktop\tutorial\tutorial\debug\tutorial.tlog\link.5752.write.1.tlog
c:\users\matteo\desktop\tutorial\tutorial\debug\tutorial.tlog\link.command.1.tlog
c:\users\matteo\desktop\tutorial\tutorial\debug\tutorial.tlog\link.read.1.tlog
c:\users\matteo\desktop\tutorial\tutorial\debug\tutorial.tlog\link.write.1.tlog
c:\users\matteo\desktop\tutorial\tutorial\debug\tutorial.tlog\metagen.read.1.tlog
c:\users\matteo\desktop\tutorial\tutorial\debug\tutorial.tlog\metagen.write.1.tlog
c:\users\matteo\desktop\tutorial\tutorial\debug\tutorial.tlog\rc.command.1.tlog
c:\users\matteo\desktop\tutorial\tutorial\debug\tutorial.tlog\rc.read.1.tlog
c:\users\matteo\desktop\tutorial\tutorial\debug\tutorial.tlog\rc.write.1.tlog
c:\users\matteo\desktop\tutorial\tutorial\debug\tutorial.tlog\tutorial.write.1u.tlog
c:\users\matteo\desktop\tutorial\tutorial\debug\tutorial.tlog\rsaenh.dll.bi
c:\users\matteo\desktop\tutorial\tutorial\debug\tutorial.tlog\tzres.dll.bi
